{"/Users/jack/code/gsc/gscprod/divergent-flow/divergent-flow-ui/src/theme.ts": {"path":"/Users/jack/code/gsc/gscprod/divergent-flow/divergent-flow-ui/src/theme.ts","statementMap":{"0":{"start":{"line":4,"column":25},"end":{"line":10,"column":null}},"1":{"start":{"line":12,"column":24},"end":{"line":18,"column":null}},"2":{"start":{"line":21,"column":26},"end":{"line":24,"column":null}},"3":{"start":{"line":26,"column":25},"end":{"line":29,"column":null}},"4":{"start":{"line":34,"column":26},"end":{"line":34,"column":null}},"5":{"start":{"line":35,"column":25},"end":{"line":35,"column":null}},"6":{"start":{"line":38,"column":22},"end":{"line":38,"column":null}},"7":{"start":{"line":39,"column":20},"end":{"line":39,"column":null}},"8":{"start":{"line":41,"column":2},"end":{"line":43,"column":null}},"9":{"start":{"line":42,"column":4},"end":{"line":42,"column":null}},"10":{"start":{"line":45,"column":2},"end":{"line":45,"column":null}}},"fnMap":{"0":{"name":"getTheme","decl":{"start":{"line":37,"column":16},"end":{"line":37,"column":25}},"loc":{"start":{"line":37,"column":56},"end":{"line":46,"column":null}},"line":37}},"branchMap":{"0":{"loc":{"start":{"line":39,"column":20},"end":{"line":39,"column":null}},"type":"binary-expr","locations":[{"start":{"line":39,"column":20},"end":{"line":39,"column":35}},{"start":{"line":39,"column":35},"end":{"line":39,"column":null}}],"line":39},"1":{"loc":{"start":{"line":41,"column":2},"end":{"line":43,"column":null}},"type":"if","locations":[{"start":{"line":41,"column":2},"end":{"line":43,"column":null}},{"start":{},"end":{}}],"line":41},"2":{"loc":{"start":{"line":42,"column":11},"end":{"line":42,"column":null}},"type":"cond-expr","locations":[{"start":{"line":42,"column":29},"end":{"line":42,"column":48}},{"start":{"line":42,"column":48},"end":{"line":42,"column":null}}],"line":42},"3":{"loc":{"start":{"line":45,"column":9},"end":{"line":45,"column":null}},"type":"cond-expr","locations":[{"start":{"line":45,"column":27},"end":{"line":45,"column":38}},{"start":{"line":45,"column":38},"end":{"line":45,"column":null}}],"line":45}},"s":{"0":2,"1":2,"2":2,"3":2,"4":2,"5":2,"6":0,"7":0,"8":0,"9":0,"10":0},"f":{"0":0},"b":{"0":[0,0],"1":[0,0],"2":[0,0],"3":[0,0]},"meta":{"lastBranch":4,"lastFunction":1,"lastStatement":11,"seen":{"s:4:25:10:Infinity":0,"s:12:24:18:Infinity":1,"s:21:26:24:Infinity":2,"s:26:25:29:Infinity":3,"s:34:26:34:Infinity":4,"s:35:25:35:Infinity":5,"f:37:16:37:25":0,"s:38:22:38:Infinity":6,"s:39:20:39:Infinity":7,"b:39:20:39:35:39:35:39:Infinity":0,"b:41:2:43:Infinity:undefined:undefined:undefined:undefined":1,"s:41:2:43:Infinity":8,"s:42:4:42:Infinity":9,"b:42:29:42:48:42:48:42:Infinity":2,"s:45:2:45:Infinity":10,"b:45:27:45:38:45:38:45:Infinity":3}}}
,"/Users/jack/code/gsc/gscprod/divergent-flow/divergent-flow-ui/src/api/ApiClient.ts": {"path":"/Users/jack/code/gsc/gscprod/divergent-flow/divergent-flow-ui/src/api/ApiClient.ts","statementMap":{"0":{"start":{"line":9,"column":4},"end":{"line":9,"column":null}},"1":{"start":{"line":10,"column":4},"end":{"line":10,"column":null}},"2":{"start":{"line":11,"column":4},"end":{"line":11,"column":null}},"3":{"start":{"line":20,"column":8},"end":{"line":20,"column":null}},"4":{"start":{"line":21,"column":14},"end":{"line":21,"column":null}},"5":{"start":{"line":24,"column":18},"end":{"line":28,"column":null}},"6":{"start":{"line":29,"column":19},"end":{"line":29,"column":null}},"7":{"start":{"line":30,"column":2},"end":{"line":34,"column":null}},"8":{"start":{"line":31,"column":22},"end":{"line":31,"column":null}},"9":{"start":{"line":32,"column":2},"end":{"line":32,"column":null}},"10":{"start":{"line":32,"column":8},"end":{"line":32,"column":45}},"11":{"start":{"line":33,"column":4},"end":{"line":33,"column":null}},"12":{"start":{"line":35,"column":15},"end":{"line":35,"column":null}},"13":{"start":{"line":36,"column":2},"end":{"line":44,"column":null}},"14":{"start":{"line":37,"column":4},"end":{"line":37,"column":null}},"15":{"start":{"line":39,"column":4},"end":{"line":42,"column":null}},"16":{"start":{"line":40,"column":6},"end":{"line":40,"column":null}},"17":{"start":{"line":41,"column":6},"end":{"line":41,"column":null}},"18":{"start":{"line":43,"column":4},"end":{"line":43,"column":null}}},"fnMap":{"0":{"name":"(anonymous_0)","decl":{"start":{"line":8,"column":2},"end":{"line":8,"column":14}},"loc":{"start":{"line":8,"column":47},"end":{"line":12,"column":null}},"line":8},"1":{"name":"apiClient","decl":{"start":{"line":15,"column":22},"end":{"line":15,"column":null}},"loc":{"start":{"line":19,"column":14},"end":{"line":45,"column":null}},"line":19}},"branchMap":{"0":{"loc":{"start":{"line":18,"column":2},"end":{"line":18,"column":null}},"type":"default-arg","locations":[{"start":{"line":18,"column":25},"end":{"line":18,"column":null}}],"line":18},"1":{"loc":{"start":{"line":30,"column":2},"end":{"line":34,"column":null}},"type":"if","locations":[{"start":{"line":30,"column":2},"end":{"line":34,"column":null}},{"start":{},"end":{}}],"line":30},"2":{"loc":{"start":{"line":39,"column":4},"end":{"line":42,"column":null}},"type":"if","locations":[{"start":{"line":39,"column":4},"end":{"line":42,"column":null}},{"start":{},"end":{}}],"line":39}},"s":{"0":0,"1":0,"2":0,"3":0,"4":0,"5":0,"6":0,"7":0,"8":0,"9":0,"10":0,"11":0,"12":0,"13":0,"14":0,"15":0,"16":0,"17":0,"18":0},"f":{"0":0,"1":0},"b":{"0":[0],"1":[0,0],"2":[0,0]},"meta":{"lastBranch":3,"lastFunction":2,"lastStatement":19,"seen":{"f:8:2:8:14":0,"s:9:4:9:Infinity":0,"s:10:4:10:Infinity":1,"s:11:4:11:Infinity":2,"f:15:22:15:Infinity":1,"b:18:25:18:Infinity":0,"s:20:8:20:Infinity":3,"s:21:14:21:Infinity":4,"s:24:18:28:Infinity":5,"s:29:19:29:Infinity":6,"b:30:2:34:Infinity:undefined:undefined:undefined:undefined":1,"s:30:2:34:Infinity":7,"s:31:22:31:Infinity":8,"s:32:2:32:Infinity":9,"s:32:8:32:45":10,"s:33:4:33:Infinity":11,"s:35:15:35:Infinity":12,"s:36:2:44:Infinity":13,"s:37:4:37:Infinity":14,"b:39:4:42:Infinity:undefined:undefined:undefined:undefined":2,"s:39:4:42:Infinity":15,"s:40:6:40:Infinity":16,"s:41:6:41:Infinity":17,"s:43:4:43:Infinity":18}}}
,"/Users/jack/code/gsc/gscprod/divergent-flow/divergent-flow-ui/src/api/schemas/captureSchema.ts": {"path":"/Users/jack/code/gsc/gscprod/divergent-flow/divergent-flow-ui/src/api/schemas/captureSchema.ts","statementMap":{"0":{"start":{"line":3,"column":29},"end":{"line":10,"column":null}},"1":{"start":{"line":12,"column":42},"end":{"line":15,"column":null}},"2":{"start":{"line":17,"column":42},"end":{"line":21,"column":null}},"3":{"start":{"line":23,"column":33},"end":{"line":23,"column":null}}},"fnMap":{},"branchMap":{},"s":{"0":3,"1":3,"2":3,"3":3},"f":{},"b":{},"meta":{"lastBranch":0,"lastFunction":0,"lastStatement":4,"seen":{"s:3:29:10:Infinity":0,"s:12:42:15:Infinity":1,"s:17:42:21:Infinity":2,"s:23:33:23:Infinity":3}}}
,"/Users/jack/code/gsc/gscprod/divergent-flow/divergent-flow-ui/src/api/schemas/userSchema.ts": {"path":"/Users/jack/code/gsc/gscprod/divergent-flow/divergent-flow-ui/src/api/schemas/userSchema.ts","statementMap":{"0":{"start":{"line":3,"column":33},"end":{"line":15,"column":null}},"1":{"start":{"line":17,"column":34},"end":{"line":27,"column":null}},"2":{"start":{"line":29,"column":26},"end":{"line":40,"column":null}}},"fnMap":{},"branchMap":{},"s":{"0":2,"1":2,"2":2},"f":{},"b":{},"meta":{"lastBranch":0,"lastFunction":0,"lastStatement":3,"seen":{"s:3:33:15:Infinity":0,"s:17:34:27:Infinity":1,"s:29:26:40:Infinity":2}}}
,"/Users/jack/code/gsc/gscprod/divergent-flow/divergent-flow-ui/src/api/services/captureService.ts": {"path":"/Users/jack/code/gsc/gscprod/divergent-flow/divergent-flow-ui/src/api/services/captureService.ts","statementMap":{"0":{"start":{"line":6,"column":30},"end":{"line":45,"column":null}},"1":{"start":{"line":8,"column":4},"end":{"line":11,"column":null}},"2":{"start":{"line":15,"column":4},"end":{"line":17,"column":null}},"3":{"start":{"line":21,"column":19},"end":{"line":21,"column":null}},"4":{"start":{"line":22,"column":4},"end":{"line":24,"column":null}},"5":{"start":{"line":23,"column":6},"end":{"line":23,"column":null}},"6":{"start":{"line":25,"column":24},"end":{"line":25,"column":null}},"7":{"start":{"line":26,"column":16},"end":{"line":26,"column":null}},"8":{"start":{"line":27,"column":4},"end":{"line":29,"column":null}},"9":{"start":{"line":33,"column":4},"end":{"line":36,"column":null}},"10":{"start":{"line":41,"column":4},"end":{"line":43,"column":null}}},"fnMap":{"0":{"name":"(anonymous_0)","decl":{"start":{"line":7,"column":17},"end":{"line":7,"column":24}},"loc":{"start":{"line":7,"column":76},"end":{"line":12,"column":null}},"line":7},"1":{"name":"(anonymous_1)","decl":{"start":{"line":14,"column":22},"end":{"line":14,"column":29}},"loc":{"start":{"line":14,"column":68},"end":{"line":18,"column":null}},"line":14},"2":{"name":"(anonymous_2)","decl":{"start":{"line":20,"column":23},"end":{"line":20,"column":30}},"loc":{"start":{"line":20,"column":88},"end":{"line":30,"column":null}},"line":20},"3":{"name":"(anonymous_3)","decl":{"start":{"line":32,"column":17},"end":{"line":32,"column":24}},"loc":{"start":{"line":32,"column":76},"end":{"line":37,"column":null}},"line":32},"4":{"name":"(anonymous_4)","decl":{"start":{"line":39,"column":17},"end":{"line":39,"column":24}},"loc":{"start":{"line":39,"column":54},"end":{"line":44,"column":null}},"line":39}},"branchMap":{"0":{"loc":{"start":{"line":22,"column":4},"end":{"line":24,"column":null}},"type":"if","locations":[{"start":{"line":22,"column":4},"end":{"line":24,"column":null}},{"start":{},"end":{}}],"line":22},"1":{"loc":{"start":{"line":26,"column":70},"end":{"line":26,"column":106}},"type":"cond-expr","locations":[{"start":{"line":26,"column":84},"end":{"line":26,"column":104}},{"start":{"line":26,"column":104},"end":{"line":26,"column":106}}],"line":26}},"s":{"0":1,"1":2,"2":1,"3":4,"4":4,"5":2,"6":4,"7":4,"8":4,"9":1,"10":2},"f":{"0":2,"1":1,"2":4,"3":1,"4":2},"b":{"0":[2,2],"1":[2,2]},"meta":{"lastBranch":2,"lastFunction":5,"lastStatement":11,"seen":{"s:6:30:45:Infinity":0,"f:7:17:7:24":0,"s:8:4:11:Infinity":1,"f:14:22:14:29":1,"s:15:4:17:Infinity":2,"f:20:23:20:30":2,"s:21:19:21:Infinity":3,"b:22:4:24:Infinity:undefined:undefined:undefined:undefined":0,"s:22:4:24:Infinity":4,"s:23:6:23:Infinity":5,"s:25:24:25:Infinity":6,"s:26:16:26:Infinity":7,"b:26:84:26:104:26:104:26:106":1,"s:27:4:29:Infinity":8,"f:32:17:32:24":3,"s:33:4:36:Infinity":9,"f:39:17:39:24":4,"s:41:4:43:Infinity":10}}}
,"/Users/jack/code/gsc/gscprod/divergent-flow/divergent-flow-ui/src/components/BulkCaptureForm.tsx": {"path":"/Users/jack/code/gsc/gscprod/divergent-flow/divergent-flow-ui/src/components/BulkCaptureForm.tsx","statementMap":{"0":{"start":{"line":14,"column":36},"end":{"line":14,"column":null}},"1":{"start":{"line":15,"column":38},"end":{"line":15,"column":null}},"2":{"start":{"line":16,"column":30},"end":{"line":16,"column":null}},"3":{"start":{"line":18,"column":23},"end":{"line":76,"column":null}},"4":{"start":{"line":19,"column":4},"end":{"line":19,"column":null}},"5":{"start":{"line":21,"column":4},"end":{"line":24,"column":null}},"6":{"start":{"line":22,"column":6},"end":{"line":22,"column":null}},"7":{"start":{"line":23,"column":6},"end":{"line":23,"column":null}},"8":{"start":{"line":27,"column":18},"end":{"line":30,"column":null}},"9":{"start":{"line":29,"column":19},"end":{"line":29,"column":30}},"10":{"start":{"line":30,"column":22},"end":{"line":30,"column":37}},"11":{"start":{"line":32,"column":4},"end":{"line":35,"column":null}},"12":{"start":{"line":33,"column":6},"end":{"line":33,"column":null}},"13":{"start":{"line":34,"column":6},"end":{"line":34,"column":null}},"14":{"start":{"line":37,"column":4},"end":{"line":37,"column":null}},"15":{"start":{"line":38,"column":4},"end":{"line":38,"column":null}},"16":{"start":{"line":40,"column":4},"end":{"line":75,"column":null}},"17":{"start":{"line":41,"column":12},"end":{"line":41,"column":null}},"18":{"start":{"line":42,"column":21},"end":{"line":42,"column":null}},"19":{"start":{"line":45,"column":6},"end":{"line":52,"column":null}},"20":{"start":{"line":47,"column":10},"end":{"line":50,"column":null}},"21":{"start":{"line":54,"column":6},"end":{"line":57,"column":null}},"22":{"start":{"line":58,"column":6},"end":{"line":58,"column":null}},"23":{"start":{"line":61,"column":6},"end":{"line":63,"column":null}},"24":{"start":{"line":62,"column":8},"end":{"line":62,"column":null}},"25":{"start":{"line":66,"column":6},"end":{"line":66,"column":null}},"26":{"start":{"line":66,"column":23},"end":{"line":66,"column":42}},"27":{"start":{"line":68,"column":6},"end":{"line":68,"column":null}},"28":{"start":{"line":69,"column":6},"end":{"line":72,"column":null}},"29":{"start":{"line":74,"column":6},"end":{"line":74,"column":null}},"30":{"start":{"line":79,"column":20},"end":{"line":81,"column":null}},"31":{"start":{"line":81,"column":20},"end":{"line":81,"column":42}},"32":{"start":{"line":83,"column":2},"end":{"line":158,"column":null}},"33":{"start":{"line":103,"column":27},"end":{"line":103,"column":null}}},"fnMap":{"0":{"name":"BulkCaptureForm","decl":{"start":{"line":13,"column":24},"end":{"line":13,"column":40}},"loc":{"start":{"line":13,"column":92},"end":{"line":160,"column":null}},"line":13},"1":{"name":"(anonymous_1)","decl":{"start":{"line":18,"column":23},"end":{"line":18,"column":30}},"loc":{"start":{"line":18,"column":47},"end":{"line":76,"column":null}},"line":18},"2":{"name":"(anonymous_2)","decl":{"start":{"line":29,"column":11},"end":{"line":29,"column":19}},"loc":{"start":{"line":29,"column":19},"end":{"line":29,"column":30}},"line":29},"3":{"name":"(anonymous_3)","decl":{"start":{"line":30,"column":14},"end":{"line":30,"column":22}},"loc":{"start":{"line":30,"column":22},"end":{"line":30,"column":37}},"line":30},"4":{"name":"(anonymous_4)","decl":{"start":{"line":46,"column":18},"end":{"line":46,"column":null}},"loc":{"start":{"line":47,"column":10},"end":{"line":50,"column":null}},"line":47},"5":{"name":"(anonymous_5)","decl":{"start":{"line":66,"column":17},"end":{"line":66,"column":23}},"loc":{"start":{"line":66,"column":23},"end":{"line":66,"column":42}},"line":66},"6":{"name":"(anonymous_6)","decl":{"start":{"line":81,"column":12},"end":{"line":81,"column":20}},"loc":{"start":{"line":81,"column":20},"end":{"line":81,"column":42}},"line":81},"7":{"name":"(anonymous_7)","decl":{"start":{"line":103,"column":20},"end":{"line":103,"column":21}},"loc":{"start":{"line":103,"column":27},"end":{"line":103,"column":null}},"line":103}},"branchMap":{"0":{"loc":{"start":{"line":21,"column":4},"end":{"line":24,"column":null}},"type":"if","locations":[{"start":{"line":21,"column":4},"end":{"line":24,"column":null}},{"start":{},"end":{}}],"line":21},"1":{"loc":{"start":{"line":32,"column":4},"end":{"line":35,"column":null}},"type":"if","locations":[{"start":{"line":32,"column":4},"end":{"line":35,"column":null}},{"start":{},"end":{}}],"line":32},"2":{"loc":{"start":{"line":41,"column":12},"end":{"line":41,"column":null}},"type":"binary-expr","locations":[{"start":{"line":41,"column":12},"end":{"line":41,"column":46}},{"start":{"line":41,"column":46},"end":{"line":41,"column":null}}],"line":41},"3":{"loc":{"start":{"line":56,"column":64},"end":{"line":56,"column":91}},"type":"cond-expr","locations":[{"start":{"line":56,"column":83},"end":{"line":56,"column":89}},{"start":{"line":56,"column":89},"end":{"line":56,"column":91}}],"line":56},"4":{"loc":{"start":{"line":61,"column":6},"end":{"line":63,"column":null}},"type":"if","locations":[{"start":{"line":61,"column":6},"end":{"line":63,"column":null}},{"start":{},"end":{}}],"line":61},"5":{"loc":{"start":{"line":71,"column":17},"end":{"line":71,"column":null}},"type":"cond-expr","locations":[{"start":{"line":71,"column":42},"end":{"line":71,"column":58}},{"start":{"line":71,"column":58},"end":{"line":71,"column":null}}],"line":71},"6":{"loc":{"start":{"line":97,"column":37},"end":{"line":97,"column":null}},"type":"binary-expr","locations":[{"start":{"line":97,"column":37},"end":{"line":97,"column":54}},{"start":{"line":97,"column":54},"end":{"line":97,"column":null}}],"line":97},"7":{"loc":{"start":{"line":97,"column":75},"end":{"line":97,"column":99}},"type":"cond-expr","locations":[{"start":{"line":97,"column":91},"end":{"line":97,"column":97}},{"start":{"line":97,"column":97},"end":{"line":97,"column":99}}],"line":97},"8":{"loc":{"start":{"line":125,"column":20},"end":{"line":125,"column":null}},"type":"binary-expr","locations":[{"start":{"line":125,"column":20},"end":{"line":125,"column":36}},{"start":{"line":125,"column":36},"end":{"line":125,"column":null}}],"line":125},"9":{"loc":{"start":{"line":127,"column":24},"end":{"line":127,"column":null}},"type":"cond-expr","locations":[{"start":{"line":127,"column":58},"end":{"line":127,"column":76}},{"start":{"line":127,"column":76},"end":{"line":127,"column":null}}],"line":127},"10":{"loc":{"start":{"line":127,"column":24},"end":{"line":127,"column":58}},"type":"binary-expr","locations":[{"start":{"line":127,"column":24},"end":{"line":127,"column":40}},{"start":{"line":127,"column":40},"end":{"line":127,"column":58}}],"line":127},"11":{"loc":{"start":{"line":134,"column":20},"end":{"line":134,"column":null}},"type":"cond-expr","locations":[{"start":{"line":134,"column":54},"end":{"line":134,"column":70}},{"start":{"line":134,"column":70},"end":{"line":134,"column":null}}],"line":134},"12":{"loc":{"start":{"line":134,"column":20},"end":{"line":134,"column":54}},"type":"binary-expr","locations":[{"start":{"line":134,"column":20},"end":{"line":134,"column":36}},{"start":{"line":134,"column":36},"end":{"line":134,"column":54}}],"line":134},"13":{"loc":{"start":{"line":135,"column":21},"end":{"line":135,"column":null}},"type":"cond-expr","locations":[{"start":{"line":135,"column":55},"end":{"line":135,"column":61}},{"start":{"line":135,"column":61},"end":{"line":135,"column":null}}],"line":135},"14":{"loc":{"start":{"line":135,"column":21},"end":{"line":135,"column":55}},"type":"binary-expr","locations":[{"start":{"line":135,"column":21},"end":{"line":135,"column":37}},{"start":{"line":135,"column":37},"end":{"line":135,"column":55}}],"line":135},"15":{"loc":{"start":{"line":139,"column":11},"end":{"line":139,"column":null}},"type":"cond-expr","locations":[{"start":{"line":139,"column":26},"end":{"line":139,"column":43}},{"start":{"line":139,"column":43},"end":{"line":139,"column":null}}],"line":139},"16":{"loc":{"start":{"line":139,"column":71},"end":{"line":139,"column":97}},"type":"cond-expr","locations":[{"start":{"line":139,"column":89},"end":{"line":139,"column":95}},{"start":{"line":139,"column":95},"end":{"line":139,"column":97}}],"line":139},"17":{"loc":{"start":{"line":143,"column":7},"end":{"line":156,"column":null}},"type":"binary-expr","locations":[{"start":{"line":143,"column":7},"end":{"line":143,"column":null}},{"start":{"line":144,"column":8},"end":{"line":156,"column":null}}],"line":143},"18":{"loc":{"start":{"line":149,"column":24},"end":{"line":149,"column":null}},"type":"cond-expr","locations":[{"start":{"line":149,"column":54},"end":{"line":149,"column":70}},{"start":{"line":149,"column":70},"end":{"line":149,"column":null}}],"line":149}},"s":{"0":266,"1":266,"2":266,"3":266,"4":6,"5":6,"6":1,"7":1,"8":5,"9":14,"10":14,"11":5,"12":0,"13":0,"14":5,"15":5,"16":5,"17":5,"18":6,"19":5,"20":11,"21":4,"22":6,"23":6,"24":1,"25":4,"26":0,"27":1,"28":1,"29":5,"30":266,"31":528,"32":266,"33":243},"f":{"0":266,"1":6,"2":14,"3":14,"4":11,"5":0,"6":528,"7":243},"b":{"0":[1,5],"1":[0,5],"2":[5,0],"3":[3,1],"4":[1,5],"5":[1,0],"6":[266,239],"7":[125,114],"8":[266,261],"9":[32,234],"10":[266,261],"11":[32,234],"12":[266,261],"13":[32,234],"14":[266,261],"15":[5,261],"16":[148,113],"17":[266,6],"18":[4,2]},"meta":{"lastBranch":19,"lastFunction":8,"lastStatement":34,"seen":{"f:13:24:13:40":0,"s:14:36:14:Infinity":0,"s:15:38:15:Infinity":1,"s:16:30:16:Infinity":2,"s:18:23:76:Infinity":3,"f:18:23:18:30":1,"s:19:4:19:Infinity":4,"b:21:4:24:Infinity:undefined:undefined:undefined:undefined":0,"s:21:4:24:Infinity":5,"s:22:6:22:Infinity":6,"s:23:6:23:Infinity":7,"s:27:18:30:Infinity":8,"f:29:11:29:19":2,"s:29:19:29:30":9,"f:30:14:30:22":3,"s:30:22:30:37":10,"b:32:4:35:Infinity:undefined:undefined:undefined:undefined":1,"s:32:4:35:Infinity":11,"s:33:6:33:Infinity":12,"s:34:6:34:Infinity":13,"s:37:4:37:Infinity":14,"s:38:4:38:Infinity":15,"s:40:4:75:Infinity":16,"s:41:12:41:Infinity":17,"b:41:12:41:46:41:46:41:Infinity":2,"s:42:21:42:Infinity":18,"s:45:6:52:Infinity":19,"f:46:18:46:Infinity":4,"s:47:10:50:Infinity":20,"s:54:6:57:Infinity":21,"b:56:83:56:89:56:89:56:91":3,"s:58:6:58:Infinity":22,"b:61:6:63:Infinity:undefined:undefined:undefined:undefined":4,"s:61:6:63:Infinity":23,"s:62:8:62:Infinity":24,"s:66:6:66:Infinity":25,"f:66:17:66:23":5,"s:66:23:66:42":26,"s:68:6:68:Infinity":27,"s:69:6:72:Infinity":28,"b:71:42:71:58:71:58:71:Infinity":5,"s:74:6:74:Infinity":29,"s:79:20:81:Infinity":30,"f:81:12:81:20":6,"s:81:20:81:42":31,"s:83:2:158:Infinity":32,"b:97:37:97:54:97:54:97:Infinity":6,"b:97:91:97:97:97:97:97:99":7,"f:103:20:103:21":7,"s:103:27:103:Infinity":33,"b:125:20:125:36:125:36:125:Infinity":8,"b:127:58:127:76:127:76:127:Infinity":9,"b:127:24:127:40:127:40:127:58":10,"b:134:54:134:70:134:70:134:Infinity":11,"b:134:20:134:36:134:36:134:54":12,"b:135:55:135:61:135:61:135:Infinity":13,"b:135:21:135:37:135:37:135:55":14,"b:139:26:139:43:139:43:139:Infinity":15,"b:139:89:139:95:139:95:139:97":16,"b:143:7:143:Infinity:144:8:156:Infinity":17,"b:149:54:149:70:149:70:149:Infinity":18}}}
,"/Users/jack/code/gsc/gscprod/divergent-flow/divergent-flow-ui/src/components/SingleCaptureForm.tsx": {"path":"/Users/jack/code/gsc/gscprod/divergent-flow/divergent-flow-ui/src/components/SingleCaptureForm.tsx","statementMap":{"0":{"start":{"line":14,"column":36},"end":{"line":14,"column":null}},"1":{"start":{"line":15,"column":38},"end":{"line":15,"column":null}},"2":{"start":{"line":16,"column":30},"end":{"line":16,"column":null}},"3":{"start":{"line":18,"column":23},"end":{"line":56,"column":null}},"4":{"start":{"line":19,"column":4},"end":{"line":19,"column":null}},"5":{"start":{"line":21,"column":4},"end":{"line":24,"column":null}},"6":{"start":{"line":22,"column":6},"end":{"line":22,"column":null}},"7":{"start":{"line":23,"column":6},"end":{"line":23,"column":null}},"8":{"start":{"line":26,"column":4},"end":{"line":26,"column":null}},"9":{"start":{"line":27,"column":4},"end":{"line":27,"column":null}},"10":{"start":{"line":29,"column":4},"end":{"line":55,"column":null}},"11":{"start":{"line":30,"column":12},"end":{"line":30,"column":null}},"12":{"start":{"line":31,"column":21},"end":{"line":31,"column":null}},"13":{"start":{"line":32,"column":6},"end":{"line":35,"column":null}},"14":{"start":{"line":37,"column":6},"end":{"line":37,"column":null}},"15":{"start":{"line":38,"column":6},"end":{"line":38,"column":null}},"16":{"start":{"line":41,"column":6},"end":{"line":43,"column":null}},"17":{"start":{"line":42,"column":8},"end":{"line":42,"column":null}},"18":{"start":{"line":46,"column":6},"end":{"line":46,"column":null}},"19":{"start":{"line":46,"column":23},"end":{"line":46,"column":42}},"20":{"start":{"line":48,"column":6},"end":{"line":48,"column":null}},"21":{"start":{"line":49,"column":6},"end":{"line":52,"column":null}},"22":{"start":{"line":54,"column":6},"end":{"line":54,"column":null}},"23":{"start":{"line":58,"column":2},"end":{"line":129,"column":null}},"24":{"start":{"line":75,"column":27},"end":{"line":75,"column":null}}},"fnMap":{"0":{"name":"SingleCaptureForm","decl":{"start":{"line":13,"column":24},"end":{"line":13,"column":42}},"loc":{"start":{"line":13,"column":95},"end":{"line":131,"column":null}},"line":13},"1":{"name":"(anonymous_1)","decl":{"start":{"line":18,"column":23},"end":{"line":18,"column":30}},"loc":{"start":{"line":18,"column":47},"end":{"line":56,"column":null}},"line":18},"2":{"name":"(anonymous_2)","decl":{"start":{"line":46,"column":17},"end":{"line":46,"column":23}},"loc":{"start":{"line":46,"column":23},"end":{"line":46,"column":42}},"line":46},"3":{"name":"(anonymous_3)","decl":{"start":{"line":75,"column":20},"end":{"line":75,"column":21}},"loc":{"start":{"line":75,"column":27},"end":{"line":75,"column":null}},"line":75}},"branchMap":{"0":{"loc":{"start":{"line":21,"column":4},"end":{"line":24,"column":null}},"type":"if","locations":[{"start":{"line":21,"column":4},"end":{"line":24,"column":null}},{"start":{},"end":{}}],"line":21},"1":{"loc":{"start":{"line":30,"column":12},"end":{"line":30,"column":null}},"type":"binary-expr","locations":[{"start":{"line":30,"column":12},"end":{"line":30,"column":46}},{"start":{"line":30,"column":46},"end":{"line":30,"column":null}}],"line":30},"2":{"loc":{"start":{"line":41,"column":6},"end":{"line":43,"column":null}},"type":"if","locations":[{"start":{"line":41,"column":6},"end":{"line":43,"column":null}},{"start":{},"end":{}}],"line":41},"3":{"loc":{"start":{"line":51,"column":17},"end":{"line":51,"column":null}},"type":"cond-expr","locations":[{"start":{"line":51,"column":42},"end":{"line":51,"column":58}},{"start":{"line":51,"column":58},"end":{"line":51,"column":null}}],"line":51},"4":{"loc":{"start":{"line":96,"column":20},"end":{"line":96,"column":null}},"type":"binary-expr","locations":[{"start":{"line":96,"column":20},"end":{"line":96,"column":36}},{"start":{"line":96,"column":36},"end":{"line":96,"column":null}}],"line":96},"5":{"loc":{"start":{"line":98,"column":24},"end":{"line":98,"column":null}},"type":"cond-expr","locations":[{"start":{"line":98,"column":62},"end":{"line":98,"column":80}},{"start":{"line":98,"column":80},"end":{"line":98,"column":null}}],"line":98},"6":{"loc":{"start":{"line":98,"column":24},"end":{"line":98,"column":62}},"type":"binary-expr","locations":[{"start":{"line":98,"column":24},"end":{"line":98,"column":40}},{"start":{"line":98,"column":40},"end":{"line":98,"column":62}}],"line":98},"7":{"loc":{"start":{"line":105,"column":20},"end":{"line":105,"column":null}},"type":"cond-expr","locations":[{"start":{"line":105,"column":58},"end":{"line":105,"column":74}},{"start":{"line":105,"column":74},"end":{"line":105,"column":null}}],"line":105},"8":{"loc":{"start":{"line":105,"column":20},"end":{"line":105,"column":58}},"type":"binary-expr","locations":[{"start":{"line":105,"column":20},"end":{"line":105,"column":36}},{"start":{"line":105,"column":36},"end":{"line":105,"column":58}}],"line":105},"9":{"loc":{"start":{"line":106,"column":21},"end":{"line":106,"column":null}},"type":"cond-expr","locations":[{"start":{"line":106,"column":59},"end":{"line":106,"column":65}},{"start":{"line":106,"column":65},"end":{"line":106,"column":null}}],"line":106},"10":{"loc":{"start":{"line":106,"column":21},"end":{"line":106,"column":59}},"type":"binary-expr","locations":[{"start":{"line":106,"column":21},"end":{"line":106,"column":37}},{"start":{"line":106,"column":37},"end":{"line":106,"column":59}}],"line":106},"11":{"loc":{"start":{"line":110,"column":11},"end":{"line":110,"column":null}},"type":"cond-expr","locations":[{"start":{"line":110,"column":26},"end":{"line":110,"column":43}},{"start":{"line":110,"column":43},"end":{"line":110,"column":null}}],"line":110},"12":{"loc":{"start":{"line":114,"column":7},"end":{"line":127,"column":null}},"type":"binary-expr","locations":[{"start":{"line":114,"column":7},"end":{"line":114,"column":null}},{"start":{"line":115,"column":8},"end":{"line":127,"column":null}}],"line":114},"13":{"loc":{"start":{"line":120,"column":24},"end":{"line":120,"column":null}},"type":"cond-expr","locations":[{"start":{"line":120,"column":54},"end":{"line":120,"column":70}},{"start":{"line":120,"column":70},"end":{"line":120,"column":null}}],"line":120}},"s":{"0":86,"1":86,"2":86,"3":86,"4":5,"5":5,"6":1,"7":1,"8":4,"9":4,"10":4,"11":4,"12":5,"13":4,"14":3,"15":3,"16":3,"17":1,"18":3,"19":0,"20":1,"21":1,"22":4,"23":86,"24":69},"f":{"0":86,"1":5,"2":0,"3":69},"b":{"0":[1,4],"1":[4,0],"2":[1,2],"3":[1,0],"4":[86,82],"5":[19,67],"6":[86,82],"7":[19,67],"8":[86,82],"9":[19,67],"10":[86,82],"11":[4,82],"12":[86,5],"13":[3,2]},"meta":{"lastBranch":14,"lastFunction":4,"lastStatement":25,"seen":{"f:13:24:13:42":0,"s:14:36:14:Infinity":0,"s:15:38:15:Infinity":1,"s:16:30:16:Infinity":2,"s:18:23:56:Infinity":3,"f:18:23:18:30":1,"s:19:4:19:Infinity":4,"b:21:4:24:Infinity:undefined:undefined:undefined:undefined":0,"s:21:4:24:Infinity":5,"s:22:6:22:Infinity":6,"s:23:6:23:Infinity":7,"s:26:4:26:Infinity":8,"s:27:4:27:Infinity":9,"s:29:4:55:Infinity":10,"s:30:12:30:Infinity":11,"b:30:12:30:46:30:46:30:Infinity":1,"s:31:21:31:Infinity":12,"s:32:6:35:Infinity":13,"s:37:6:37:Infinity":14,"s:38:6:38:Infinity":15,"b:41:6:43:Infinity:undefined:undefined:undefined:undefined":2,"s:41:6:43:Infinity":16,"s:42:8:42:Infinity":17,"s:46:6:46:Infinity":18,"f:46:17:46:23":2,"s:46:23:46:42":19,"s:48:6:48:Infinity":20,"s:49:6:52:Infinity":21,"b:51:42:51:58:51:58:51:Infinity":3,"s:54:6:54:Infinity":22,"s:58:2:129:Infinity":23,"f:75:20:75:21":3,"s:75:27:75:Infinity":24,"b:96:20:96:36:96:36:96:Infinity":4,"b:98:62:98:80:98:80:98:Infinity":5,"b:98:24:98:40:98:40:98:62":6,"b:105:58:105:74:105:74:105:Infinity":7,"b:105:20:105:36:105:36:105:58":8,"b:106:59:106:65:106:65:106:Infinity":9,"b:106:21:106:37:106:37:106:59":10,"b:110:26:110:43:110:43:110:Infinity":11,"b:114:7:114:Infinity:115:8:127:Infinity":12,"b:120:54:120:70:120:70:120:Infinity":13}}}
,"/Users/jack/code/gsc/gscprod/divergent-flow/divergent-flow-ui/src/utils/preferences.ts": {"path":"/Users/jack/code/gsc/gscprod/divergent-flow/divergent-flow-ui/src/utils/preferences.ts","statementMap":{"0":{"start":{"line":4,"column":31},"end":{"line":4,"column":null}},"1":{"start":{"line":5,"column":32},"end":{"line":5,"column":null}},"2":{"start":{"line":11,"column":16},"end":{"line":11,"column":null}},"3":{"start":{"line":12,"column":2},"end":{"line":12,"column":null}},"4":{"start":{"line":12,"column":45},"end":{"line":12,"column":null}},"5":{"start":{"line":14,"column":2},"end":{"line":14,"column":null}},"6":{"start":{"line":18,"column":2},"end":{"line":18,"column":null}},"7":{"start":{"line":22,"column":16},"end":{"line":22,"column":null}},"8":{"start":{"line":23,"column":2},"end":{"line":23,"column":null}},"9":{"start":{"line":23,"column":52},"end":{"line":23,"column":null}},"10":{"start":{"line":24,"column":2},"end":{"line":24,"column":null}},"11":{"start":{"line":28,"column":2},"end":{"line":28,"column":null}}},"fnMap":{"0":{"name":"getUiMode","decl":{"start":{"line":10,"column":16},"end":{"line":10,"column":36}},"loc":{"start":{"line":10,"column":36},"end":{"line":15,"column":null}},"line":10},"1":{"name":"setUiMode","decl":{"start":{"line":17,"column":16},"end":{"line":17,"column":26}},"loc":{"start":{"line":17,"column":40},"end":{"line":19,"column":null}},"line":17},"2":{"name":"getNeuroMode","decl":{"start":{"line":21,"column":16},"end":{"line":21,"column":42}},"loc":{"start":{"line":21,"column":42},"end":{"line":25,"column":null}},"line":21},"3":{"name":"setNeuroMode","decl":{"start":{"line":27,"column":16},"end":{"line":27,"column":29}},"loc":{"start":{"line":27,"column":46},"end":{"line":29,"column":null}},"line":27}},"branchMap":{"0":{"loc":{"start":{"line":12,"column":2},"end":{"line":12,"column":null}},"type":"if","locations":[{"start":{"line":12,"column":2},"end":{"line":12,"column":null}},{"start":{},"end":{}}],"line":12},"1":{"loc":{"start":{"line":12,"column":6},"end":{"line":12,"column":45}},"type":"binary-expr","locations":[{"start":{"line":12,"column":6},"end":{"line":12,"column":27}},{"start":{"line":12,"column":27},"end":{"line":12,"column":45}}],"line":12},"2":{"loc":{"start":{"line":23,"column":2},"end":{"line":23,"column":null}},"type":"if","locations":[{"start":{"line":23,"column":2},"end":{"line":23,"column":null}},{"start":{},"end":{}}],"line":23},"3":{"loc":{"start":{"line":23,"column":6},"end":{"line":23,"column":52}},"type":"binary-expr","locations":[{"start":{"line":23,"column":6},"end":{"line":23,"column":29}},{"start":{"line":23,"column":29},"end":{"line":23,"column":52}}],"line":23}},"s":{"0":1,"1":1,"2":4,"3":4,"4":2,"5":2,"6":2,"7":4,"8":4,"9":2,"10":2,"11":2},"f":{"0":4,"1":2,"2":4,"3":2},"b":{"0":[2,2],"1":[4,3],"2":[2,2],"3":[4,3]},"meta":{"lastBranch":4,"lastFunction":4,"lastStatement":12,"seen":{"s:4:31:4:Infinity":0,"s:5:32:5:Infinity":1,"f:10:16:10:36":0,"s:11:16:11:Infinity":2,"b:12:2:12:Infinity:undefined:undefined:undefined:undefined":0,"s:12:2:12:Infinity":3,"b:12:6:12:27:12:27:12:45":1,"s:12:45:12:Infinity":4,"s:14:2:14:Infinity":5,"f:17:16:17:26":1,"s:18:2:18:Infinity":6,"f:21:16:21:42":2,"s:22:16:22:Infinity":7,"b:23:2:23:Infinity:undefined:undefined:undefined:undefined":2,"s:23:2:23:Infinity":8,"b:23:6:23:29:23:29:23:52":3,"s:23:52:23:Infinity":9,"s:24:2:24:Infinity":10,"f:27:16:27:29":3,"s:28:2:28:Infinity":11}}}
}
